<?xml version="1.0" encoding="UTF-8"?>
<testng-results ignored="1" total="5" passed="3" failed="1" skipped="0">
  <reporter-output>
    <line>
      <![CDATA[Weather Response Status Code --- (404)]]>
    </line>
    <line>
      <![CDATA[Weather Response --- 404 page not found
]]>
    </line>
    <line>
      <![CDATA[Weather Response headers --- 
Server=Cowboy
Connection=keep-alive
Content-Type=text/plain; charset=utf-8
X-Content-Type-Options=nosniff
Date=Fri, 21 May 2021 06:45:51 GMT
Content-Length=19
Via=1.1 vegur]]>
    </line>
    <line>
      <![CDATA[Weather Response Status Code --- (200)]]>
    </line>
    <line>
      <![CDATA[Weather Response --- {"temperature":"+1 °C","wind":"10 km/h","description":"Moderate or heavy snow showers","forecast":[{"day":"1","temperature":"-1 °C","wind":"11 km/h"},{"day":"2","temperature":"+4 °C","wind":"4 km/h"},{"day":"3","temperature":"+6 °C","wind":"12 km/h"}]}]]>
    </line>
    <line>
      <![CDATA[Weather Response headers --- 
Server=Cowboy
Connection=keep-alive
Content-Type=application/json
Date=Fri, 21 May 2021 06:45:51 GMT
Content-Length=256
Via=1.1 vegur]]>
    </line>
    <line>
      <![CDATA[Weather Response Status Code --- (404)]]>
    </line>
    <line>
      <![CDATA[Weather Response --- {"message":"NOT_FOUND"}]]>
    </line>
    <line>
      <![CDATA[Weather Response headers --- 
Server=Cowboy
Connection=keep-alive
Content-Type=application/json
Date=Fri, 21 May 2021 06:45:52 GMT
Content-Length=23
Via=1.1 vegur]]>
    </line>
    <line>
      <![CDATA[Weather Response Status Code --- (200)]]>
    </line>
    <line>
      <![CDATA[Weather Response --- {"temperature":"+28 °C","wind":"14 km/h","description":"Partly cloudy","forecast":[{"day":"1","temperature":"+32 °C","wind":"14 km/h"},{"day":"2","temperature":"40 °C","wind":"19 km/h"},{"day":"3","temperature":"38 °C","wind":"15 km/h"}]}]]>
    </line>
    <line>
      <![CDATA[Weather Response headers --- 
Server=Cowboy
Connection=keep-alive
Content-Type=application/json
Date=Fri, 21 May 2021 06:45:52 GMT
Content-Length=242
Via=1.1 vegur]]>
    </line>
  </reporter-output>
  <suite started-at="2021-05-21T06:45:48Z" name="Component Tests" finished-at="2021-05-21T06:45:53Z" duration-ms="4292">
    <groups>
      <group name="unit">
        <method signature="GetDetailsNew.getWeatherDetails4()[pri:0, instance:weatherTests.GetDetailsNew@515aebb0]" name="getWeatherDetails4" class="weatherTests.GetDetailsNew"/>
        <method signature="GetDetailsNew.getWeatherDetails5()[pri:0, instance:weatherTests.GetDetailsNew@515aebb0]" name="getWeatherDetails5" class="weatherTests.GetDetailsNew"/>
        <method signature="GetWeatherDetails.getWeatherDetails2()[pri:0, instance:weatherTests.GetWeatherDetails@37afeb11]" name="getWeatherDetails2" class="weatherTests.GetWeatherDetails"/>
        <method signature="GetWeatherDetails.getWeatherDetails3()[pri:0, instance:weatherTests.GetWeatherDetails@37afeb11]" name="getWeatherDetails3" class="weatherTests.GetWeatherDetails"/>
      </group> <!-- unit -->
    </groups>
    <test started-at="2021-05-21T06:45:48Z" name="a-t1" finished-at="2021-05-21T06:45:53Z" duration-ms="4292">
      <class name="weatherTests.GetDetailsNew">
        <test-method is-config="true" signature="initalSetup()[pri:0, instance:weatherTests.GetDetailsNew@515aebb0]" started-at="2021-05-21T12:15:48Z" name="initalSetup" finished-at="2021-05-21T12:15:48Z" duration-ms="7" status="PASS">
          <reporter-output>
          </reporter-output>
        </test-method> <!-- initalSetup -->
        <test-method signature="getWeatherDetails4()[pri:0, instance:weatherTests.GetDetailsNew@515aebb0]" started-at="2021-05-21T12:15:48Z" name="getWeatherDetails4" finished-at="2021-05-21T12:15:51Z" duration-ms="2689" status="FAIL">
          <exception class="com.google.gson.JsonSyntaxException">
            <message>
              <![CDATA[com.google.gson.stream.MalformedJsonException: Use JsonReader.setLenient(true) to accept malformed JSON at line 1 column 6 path $]]>
            </message>
            <full-stacktrace>
              <![CDATA[com.google.gson.JsonSyntaxException: com.google.gson.stream.MalformedJsonException: Use JsonReader.setLenient(true) to accept malformed JSON at line 1 column 6 path $
	at com.google.gson.JsonParser.parse(JsonParser.java:65)
	at com.google.gson.JsonParser.parse(JsonParser.java:45)
	at utils.JsonUtils.getValueAsArray(JsonUtils.java:13)
	at weatherTests.GetDetailsNew.getWeatherDetails4(GetDetailsNew.java:25)
	at java.base/jdk.internal.reflect.NativeMethodAccessorImpl.invoke0(Native Method)
	at java.base/jdk.internal.reflect.NativeMethodAccessorImpl.invoke(NativeMethodAccessorImpl.java:62)
	at java.base/jdk.internal.reflect.DelegatingMethodAccessorImpl.invoke(DelegatingMethodAccessorImpl.java:43)
	at java.base/java.lang.reflect.Method.invoke(Method.java:566)
	at org.testng.internal.MethodInvocationHelper.invokeMethod(MethodInvocationHelper.java:108)
	at org.testng.internal.Invoker.invokeMethod(Invoker.java:661)
	at org.testng.internal.Invoker.invokeTestMethod(Invoker.java:869)
	at org.testng.internal.Invoker.invokeTestMethods(Invoker.java:1193)
	at org.testng.internal.TestMethodWorker.invokeTestMethods(TestMethodWorker.java:126)
	at org.testng.internal.TestMethodWorker.run(TestMethodWorker.java:109)
	at java.base/java.util.concurrent.ThreadPoolExecutor.runWorker(ThreadPoolExecutor.java:1128)
	at java.base/java.util.concurrent.ThreadPoolExecutor$Worker.run(ThreadPoolExecutor.java:628)
	at java.base/java.lang.Thread.run(Thread.java:834)
Caused by: com.google.gson.stream.MalformedJsonException: Use JsonReader.setLenient(true) to accept malformed JSON at line 1 column 6 path $
	at com.google.gson.stream.JsonReader.syntaxError(JsonReader.java:1568)
	at com.google.gson.stream.JsonReader.checkLenient(JsonReader.java:1409)
	at com.google.gson.stream.JsonReader.doPeek(JsonReader.java:542)
	at com.google.gson.stream.JsonReader.peek(JsonReader.java:425)
	at com.google.gson.JsonParser.parse(JsonParser.java:60)
	... 16 more
]]>
            </full-stacktrace>
          </exception> <!-- com.google.gson.JsonSyntaxException -->
          <reporter-output>
            <line>
              <![CDATA[Weather Response Status Code --- (404)]]>
            </line>
            <line>
              <![CDATA[Weather Response --- 404 page not found
]]>
            </line>
            <line>
              <![CDATA[Weather Response headers --- 
Server=Cowboy
Connection=keep-alive
Content-Type=text/plain; charset=utf-8
X-Content-Type-Options=nosniff
Date=Fri, 21 May 2021 06:45:51 GMT
Content-Length=19
Via=1.1 vegur]]>
            </line>
          </reporter-output>
        </test-method> <!-- getWeatherDetails4 -->
        <test-method signature="getWeatherDetails5()[pri:0, instance:weatherTests.GetDetailsNew@515aebb0]" started-at="2021-05-21T12:15:51Z" name="getWeatherDetails5" finished-at="2021-05-21T12:15:53Z" duration-ms="1473" status="PASS">
          <reporter-output>
            <line>
              <![CDATA[Weather Response Status Code --- (404)]]>
            </line>
            <line>
              <![CDATA[Weather Response --- {"message":"NOT_FOUND"}]]>
            </line>
            <line>
              <![CDATA[Weather Response headers --- 
Server=Cowboy
Connection=keep-alive
Content-Type=application/json
Date=Fri, 21 May 2021 06:45:52 GMT
Content-Length=23
Via=1.1 vegur]]>
            </line>
          </reporter-output>
        </test-method> <!-- getWeatherDetails5 -->
      </class> <!-- weatherTests.GetDetailsNew -->
      <class name="weatherTests.GetWeatherDetails">
        <test-method is-config="true" signature="initalSetup()[pri:0, instance:weatherTests.GetWeatherDetails@37afeb11]" started-at="2021-05-21T12:15:48Z" name="initalSetup" finished-at="2021-05-21T12:15:48Z" duration-ms="7" status="PASS">
          <reporter-output>
          </reporter-output>
        </test-method> <!-- initalSetup -->
        <test-method signature="getWeatherDetails2()[pri:0, instance:weatherTests.GetWeatherDetails@37afeb11]" started-at="2021-05-21T12:15:48Z" name="getWeatherDetails2" finished-at="2021-05-21T12:15:51Z" duration-ms="2722" status="PASS">
          <reporter-output>
            <line>
              <![CDATA[Weather Response Status Code --- (200)]]>
            </line>
            <line>
              <![CDATA[Weather Response --- {"temperature":"+1 °C","wind":"10 km/h","description":"Moderate or heavy snow showers","forecast":[{"day":"1","temperature":"-1 °C","wind":"11 km/h"},{"day":"2","temperature":"+4 °C","wind":"4 km/h"},{"day":"3","temperature":"+6 °C","wind":"12 km/h"}]}]]>
            </line>
            <line>
              <![CDATA[Weather Response headers --- 
Server=Cowboy
Connection=keep-alive
Content-Type=application/json
Date=Fri, 21 May 2021 06:45:51 GMT
Content-Length=256
Via=1.1 vegur]]>
            </line>
          </reporter-output>
        </test-method> <!-- getWeatherDetails2 -->
        <test-method signature="getWeatherDetails3()[pri:0, instance:weatherTests.GetWeatherDetails@37afeb11]" started-at="2021-05-21T12:15:51Z" name="getWeatherDetails3" finished-at="2021-05-21T12:15:53Z" duration-ms="1549" status="PASS">
          <reporter-output>
            <line>
              <![CDATA[Weather Response Status Code --- (200)]]>
            </line>
            <line>
              <![CDATA[Weather Response --- {"temperature":"+28 °C","wind":"14 km/h","description":"Partly cloudy","forecast":[{"day":"1","temperature":"+32 °C","wind":"14 km/h"},{"day":"2","temperature":"40 °C","wind":"19 km/h"},{"day":"3","temperature":"38 °C","wind":"15 km/h"}]}]]>
            </line>
            <line>
              <![CDATA[Weather Response headers --- 
Server=Cowboy
Connection=keep-alive
Content-Type=application/json
Date=Fri, 21 May 2021 06:45:52 GMT
Content-Length=242
Via=1.1 vegur]]>
            </line>
          </reporter-output>
        </test-method> <!-- getWeatherDetails3 -->
      </class> <!-- weatherTests.GetWeatherDetails -->
    </test> <!-- a-t1 -->
  </suite> <!-- Component Tests -->
</testng-results>
