<?xml version="1.0" encoding="UTF-8"?>
<testsuite xmlns:xsi="http://www.w3.org/2001/XMLSchema-instance" xsi:schemaLocation="https://maven.apache.org/surefire/maven-surefire-plugin/xsd/surefire-test-report.xsd" name="TestSuite" time="4.584" tests="4" errors="0" skipped="0" failures="1">
  <properties>
[...]
</properties>
  <testcase name="getWeatherDetails4" classname="weatherTests.GetDetailsNew" time="2.696">
    <failure message="com.google.gson.stream.MalformedJsonException: Use JsonReader.setLenient(true) to accept malformed JSON at line 1 column 6 path $" type="com.google.gson.JsonSyntaxException">com.google.gson.JsonSyntaxException: com.google.gson.stream.MalformedJsonException: Use JsonReader.setLenient(true) to accept malformed JSON at line 1 column 6 path $
	at weatherTests.GetDetailsNew.getWeatherDetails4(GetDetailsNew.java:25)
Caused by: com.google.gson.stream.MalformedJsonException: Use JsonReader.setLenient(true) to accept malformed JSON at line 1 column 6 path $
	at weatherTests.GetDetailsNew.getWeatherDetails4(GetDetailsNew.java:25)
</failure>
    <system-out><![CDATA[...
... TestNG 6.11 by C?dric Beust (cedric@beust.com)
...

java.lang.ThreadLocal@4ed2ba8a
14
java.lang.ThreadLocal@37aac583
Weather Response Status Code --- (404)
Weather Response --- 404 page not found

Weather Response headers --- 
Server=Cowboy
Connection=keep-alive
Content-Type=text/plain; charset=utf-8
X-Content-Type-Options=nosniff
Date=Fri, 21 May 2021 06:45:51 GMT
Content-Length=19
Via=1.1 vegur
404 page not found

]]></system-out>
  </testcase>
  <testcase name="getWeatherDetails2" classname="weatherTests.GetWeatherDetails" time="0.026"/>
  <testcase name="getWeatherDetails5" classname="weatherTests.GetDetailsNew" time="1.445"/>
  <testcase name="getWeatherDetails3" classname="weatherTests.GetWeatherDetails" time="1.551"/>
</testsuite>