<?xml version="1.0" encoding="UTF-8"?>
<!-- Generated by org.testng.reporters.JUnitXMLReporter -->
<testsuite ignored="1" hostname="Nitish-Bector" failures="1" tests="4" name="a-t1" time="4.292" errors="0" timestamp="21 May 2021 06:45:53 GMT">
  <testcase classname="weatherTests.GetDetailsNew" name="getWeatherDetails4" time="2.689">
    <failure type="com.google.gson.JsonSyntaxException" message="com.google.gson.stream.MalformedJsonException: Use JsonReader.setLenient(true) to accept malformed JSON at line 1 column 6 path $">
      <![CDATA[com.google.gson.JsonSyntaxException: com.google.gson.stream.MalformedJsonException: Use JsonReader.setLenient(true) to accept malformed JSON at line 1 column 6 path $
	at com.google.gson.JsonParser.parse(JsonParser.java:65)
	at com.google.gson.JsonParser.parse(JsonParser.java:45)
	at utils.JsonUtils.getValueAsArray(JsonUtils.java:13)
	at weatherTests.GetDetailsNew.getWeatherDetails4(GetDetailsNew.java:25)
	at java.base/java.util.concurrent.ThreadPoolExecutor.runWorker(ThreadPoolExecutor.java:1128)
	at java.base/java.util.concurrent.ThreadPoolExecutor$Worker.run(ThreadPoolExecutor.java:628)
	at java.base/java.lang.Thread.run(Thread.java:834)
Caused by: com.google.gson.stream.MalformedJsonException: Use JsonReader.setLenient(true) to accept malformed JSON at line 1 column 6 path $
	at com.google.gson.stream.JsonReader.syntaxError(JsonReader.java:1568)
	at com.google.gson.stream.JsonReader.checkLenient(JsonReader.java:1409)
	at com.google.gson.stream.JsonReader.doPeek(JsonReader.java:542)
	at com.google.gson.stream.JsonReader.peek(JsonReader.java:425)
	at com.google.gson.JsonParser.parse(JsonParser.java:60)
	... 16 more
... Removed 10 stack frames]]>
    </failure>
  </testcase> <!-- getWeatherDetails4 -->
  <testcase classname="weatherTests.GetWeatherDetails" name="getWeatherDetails2" time="2.722"/>
  <testcase classname="weatherTests.GetDetailsNew" name="getWeatherDetails5" time="1.473"/>
  <testcase classname="weatherTests.GetWeatherDetails" name="getWeatherDetails3" time="1.549"/>
  <testcase classname="weatherTests.GetWeatherDetails" name="getWeatherDetails1" time="0.0">
    <ignored/>
  </testcase> <!-- getWeatherDetails1 -->
</testsuite> <!-- a-t1 -->
